# JRE version: Java(TM) SE Runtime Environment (7.0_51-b13) (build 1.7.0_51-b13)
# Java VM: Java HotSpot(TM) 64-Bit Server VM (24.51-b03 mixed mode windows-amd64 compressed oops)
Heap
 PSYoungGen      total 129536K, used 119664K [0x00000000f5500000, 0x00000000ff600000, 0x0000000100000000)
  eden space 126976K, 94% used [0x00000000f5500000,0x00000000fc9dc098,0x00000000fd100000)
  from space 2560K, 0% used [0x00000000fd100000,0x00000000fd100000,0x00000000fd380000)
  to   space 18944K, 0% used [0x00000000fe380000,0x00000000fe380000,0x00000000ff600000)
 ParOldGen       total 90112K, used 50200K [0x00000000e0000000, 0x00000000e5800000, 0x00000000f5500000)
  object space 90112K, 55% used [0x00000000e0000000,0x00000000e3106258,0x00000000e5800000)
 PSPermGen       total 104448K, used 93276K [0x00000000d0000000, 0x00000000d6600000, 0x00000000e0000000)
  object space 104448K, 89% used [0x00000000d0000000,0x00000000d5b17288,0x00000000d6600000)
GC Heap History (10 events):
Event: 798.809 GC heap before
{Heap before GC invocations=43 (full 14):
 PSYoungGen      total 140800K, used 128266K [0x00000000f5500000, 0x00000000ff800000, 0x0000000100000000)
  eden space 121856K, 100% used [0x00000000f5500000,0x00000000fcc00000,0x00000000fcc00000)
  from space 18944K, 33% used [0x00000000fe580000,0x00000000febc2a90,0x00000000ff800000)
  to   space 22528K, 0% used [0x00000000fcc00000,0x00000000fcc00000,0x00000000fe200000)
 ParOldGen       total 90112K, used 48472K [0x00000000e0000000, 0x00000000e5800000, 0x00000000f5500000)
  object space 90112K, 53% used [0x00000000e0000000,0x00000000e2f56328,0x00000000e5800000)
 PSPermGen       total 108544K, used 89751K [0x00000000d0000000, 0x00000000d6a00000, 0x00000000e0000000)
  object space 108544K, 82% used [0x00000000d0000000,0x00000000d57a5ec0,0x00000000d6a00000)
Event: 798.826 GC heap after
Heap after GC invocations=43 (full 14):
 PSYoungGen      total 144384K, used 6702K [0x00000000f5500000, 0x00000000ffa00000, 0x0000000100000000)
  eden space 121856K, 0% used [0x00000000f5500000,0x00000000f5500000,0x00000000fcc00000)
  from space 22528K, 29% used [0x00000000fcc00000,0x00000000fd28b978,0x00000000fe200000)
  to   space 20992K, 0% used [0x00000000fe580000,0x00000000fe580000,0x00000000ffa00000)
 ParOldGen       total 90112K, used 48472K [0x00000000e0000000, 0x00000000e5800000, 0x00000000f5500000)
  object space 90112K, 53% used [0x00000000e0000000,0x00000000e2f56328,0x00000000e5800000)
 PSPermGen       total 108544K, used 89751K [0x00000000d0000000, 0x00000000d6a00000, 0x00000000e0000000)
  object space 108544K, 82% used [0x00000000d0000000,0x00000000d57a5ec0,0x00000000d6a00000)
}
Event: 802.780 GC heap before
{Heap before GC invocations=44 (full 14):
 PSYoungGen      total 144384K, used 38078K [0x00000000f5500000, 0x00000000ffa00000, 0x0000000100000000)
  eden space 121856K, 25% used [0x00000000f5500000,0x00000000f73a3f10,0x00000000fcc00000)
  from space 22528K, 29% used [0x00000000fcc00000,0x00000000fd28b978,0x00000000fe200000)
  to   space 20992K, 0% used [0x00000000fe580000,0x00000000fe580000,0x00000000ffa00000)
 ParOldGen       total 90112K, used 48472K [0x00000000e0000000, 0x00000000e5800000, 0x00000000f5500000)
  object space 90112K, 53% used [0x00000000e0000000,0x00000000e2f56328,0x00000000e5800000)
 PSPermGen       total 108544K, used 89792K [0x00000000d0000000, 0x00000000d6a00000, 0x00000000e0000000)
  object space 108544K, 82% used [0x00000000d0000000,0x00000000d57b0180,0x00000000d6a00000)
Event: 802.788 GC heap after
Heap after GC invocations=44 (full 14):
 PSYoungGen      total 144896K, used 5224K [0x00000000f5500000, 0x00000000ff700000, 0x0000000100000000)
  eden space 126976K, 0% used [0x00000000f5500000,0x00000000f5500000,0x00000000fd100000)
  from space 17920K, 29% used [0x00000000fe580000,0x00000000fea9a210,0x00000000ff700000)
  to   space 19456K, 0% used [0x00000000fd100000,0x00000000fd100000,0x00000000fe400000)
 ParOldGen       total 90112K, used 48472K [0x00000000e0000000, 0x00000000e5800000, 0x00000000f5500000)
  object space 90112K, 53% used [0x00000000e0000000,0x00000000e2f56328,0x00000000e5800000)
 PSPermGen       total 108544K, used 89792K [0x00000000d0000000, 0x00000000d6a00000, 0x00000000e0000000)
  object space 108544K, 82% used [0x00000000d0000000,0x00000000d57b0180,0x00000000d6a00000)
}
Event: 802.788 GC heap before
{Heap before GC invocations=45 (full 15):
 PSYoungGen      total 144896K, used 5224K [0x00000000f5500000, 0x00000000ff700000, 0x0000000100000000)
  eden space 126976K, 0% used [0x00000000f5500000,0x00000000f5500000,0x00000000fd100000)
  from space 17920K, 29% used [0x00000000fe580000,0x00000000fea9a210,0x00000000ff700000)
  to   space 19456K, 0% used [0x00000000fd100000,0x00000000fd100000,0x00000000fe400000)
 ParOldGen       total 90112K, used 48472K [0x00000000e0000000, 0x00000000e5800000, 0x00000000f5500000)
  object space 90112K, 53% used [0x00000000e0000000,0x00000000e2f56328,0x00000000e5800000)
 PSPermGen       total 108544K, used 89792K [0x00000000d0000000, 0x00000000d6a00000, 0x00000000e0000000)
  object space 108544K, 82% used [0x00000000d0000000,0x00000000d57b0180,0x00000000d6a00000)
Event: 803.321 GC heap after
Heap after GC invocations=45 (full 15):
 PSYoungGen      total 144896K, used 0K [0x00000000f5500000, 0x00000000ff700000, 0x0000000100000000)
  eden space 126976K, 0% used [0x00000000f5500000,0x00000000f5500000,0x00000000fd100000)
  from space 17920K, 0% used [0x00000000fe580000,0x00000000fe580000,0x00000000ff700000)
  to   space 19456K, 0% used [0x00000000fd100000,0x00000000fd100000,0x00000000fe400000)
 ParOldGen       total 90112K, used 51255K [0x00000000e0000000, 0x00000000e5800000, 0x00000000f5500000)
  object space 90112K, 56% used [0x00000000e0000000,0x00000000e320dc80,0x00000000e5800000)
 PSPermGen       total 106496K, used 89785K [0x00000000d0000000, 0x00000000d6800000, 0x00000000e0000000)
  object space 106496K, 84% used [0x00000000d0000000,0x00000000d57ae718,0x00000000d6800000)
}
Event: 862.793 GC heap before
{Heap before GC invocations=46 (full 15):
 PSYoungGen      total 144896K, used 79207K [0x00000000f5500000, 0x00000000ff700000, 0x0000000100000000)
  eden space 126976K, 62% used [0x00000000f5500000,0x00000000fa259d50,0x00000000fd100000)
  from space 17920K, 0% used [0x00000000fe580000,0x00000000fe580000,0x00000000ff700000)
  to   space 19456K, 0% used [0x00000000fd100000,0x00000000fd100000,0x00000000fe400000)
 ParOldGen       total 90112K, used 51255K [0x00000000e0000000, 0x00000000e5800000, 0x00000000f5500000)
  object space 90112K, 56% used [0x00000000e0000000,0x00000000e320dc80,0x00000000e5800000)
 PSPermGen       total 106496K, used 89879K [0x00000000d0000000, 0x00000000d6800000, 0x00000000e0000000)
  object space 106496K, 84% used [0x00000000d0000000,0x00000000d57c5ee8,0x00000000d6800000)
Event: 862.804 GC heap after
Heap after GC invocations=46 (full 15):
 PSYoungGen      total 129536K, used 2400K [0x00000000f5500000, 0x00000000ff600000, 0x0000000100000000)
  eden space 126976K, 0% used [0x00000000f5500000,0x00000000f5500000,0x00000000fd100000)
  from space 2560K, 93% used [0x00000000fd100000,0x00000000fd358020,0x00000000fd380000)
  to   space 18944K, 0% used [0x00000000fe380000,0x00000000fe380000,0x00000000ff600000)
 ParOldGen       total 90112K, used 51255K [0x00000000e0000000, 0x00000000e5800000, 0x00000000f5500000)
  object space 90112K, 56% used [0x00000000e0000000,0x00000000e320dc80,0x00000000e5800000)
 PSPermGen       total 106496K, used 89879K [0x00000000d0000000, 0x00000000d6800000, 0x00000000e0000000)
  object space 106496K, 84% used [0x00000000d0000000,0x00000000d57c5ee8,0x00000000d6800000)
}
Event: 862.804 GC heap before
{Heap before GC invocations=47 (full 16):
 PSYoungGen      total 129536K, used 2400K [0x00000000f5500000, 0x00000000ff600000, 0x0000000100000000)
  eden space 126976K, 0% used [0x00000000f5500000,0x00000000f5500000,0x00000000fd100000)
  from space 2560K, 93% used [0x00000000fd100000,0x00000000fd358020,0x00000000fd380000)
  to   space 18944K, 0% used [0x00000000fe380000,0x00000000fe380000,0x00000000ff600000)
 ParOldGen       total 90112K, used 51255K [0x00000000e0000000, 0x00000000e5800000, 0x00000000f5500000)
  object space 90112K, 56% used [0x00000000e0000000,0x00000000e320dc80,0x00000000e5800000)
 PSPermGen       total 106496K, used 89879K [0x00000000d0000000, 0x00000000d6800000, 0x00000000e0000000)
  object space 106496K, 84% used [0x00000000d0000000,0x00000000d57c5ee8,0x00000000d6800000)
Event: 863.465 GC heap after
Heap after GC invocations=47 (full 16):
 PSYoungGen      total 129536K, used 0K [0x00000000f5500000, 0x00000000ff600000, 0x0000000100000000)
  eden space 126976K, 0% used [0x00000000f5500000,0x00000000f5500000,0x00000000fd100000)
  from space 2560K, 0% used [0x00000000fd100000,0x00000000fd100000,0x00000000fd380000)
  to   space 18944K, 0% used [0x00000000fe380000,0x00000000fe380000,0x00000000ff600000)
 ParOldGen       total 90112K, used 50200K [0x00000000e0000000, 0x00000000e5800000, 0x00000000f5500000)
  object space 90112K, 55% used [0x00000000e0000000,0x00000000e3106258,0x00000000e5800000)
 PSPermGen       total 104448K, used 89879K [0x00000000d0000000, 0x00000000d6600000, 0x00000000e0000000)
  object space 104448K, 86% used [0x00000000d0000000,0x00000000d57c5d68,0x00000000d6600000)
}

